#
# There is insufficient memory for the Java Runtime Environment to continue.
# Native memory allocation (malloc) failed to allocate 1048576 bytes. Error detail: AllocateHeap
# Possible reasons:
#   The system is out of physical RAM or swap space
#   This process is running with CompressedOops enabled, and the Java Heap may be blocking the growth of the native heap
# Possible solutions:
#   Reduce memory load on the system
#   Increase physical memory or swap space
#   Check if swap backing store is full
#   Decrease Java heap size (-Xmx/-Xms)
#   Decrease number of Java threads
#   Decrease Java thread stack sizes (-Xss)
#   Set larger code cache with -XX:ReservedCodeCacheSize=
#   JVM is running with Unscaled Compressed Oops mode in which the Java heap is
#     placed in the first 4GB address space. The Java Heap base address is the
#     maximum limit for the native heap growth. Please use -XX:HeapBaseMinAddress
#     to set the Java Heap base and to place the Java Heap above 4GB virtual address.
# This output file may be truncated or incomplete.
#
#  Out of Memory Error (allocation.cpp:44), pid=34136, tid=31504
#
# JRE version:  (17.0.13+11) (build )
# Java VM: OpenJDK 64-Bit Server VM (17.0.13+11, mixed mode, tiered, compressed oops, compressed class ptrs, parallel gc, windows-amd64)
# No core dump will be written. Minidumps are not enabled by default on client versions of Windows
#

---------------  S U M M A R Y ------------

Command Line: --add-modules=ALL-SYSTEM --add-opens=java.base/java.util=ALL-UNNAMED --add-opens=java.base/java.lang=ALL-UNNAMED --add-opens=java.base/sun.nio.fs=ALL-UNNAMED -Declipse.application=org.eclipse.jdt.ls.core.id1 -Dosgi.bundles.defaultStartLevel=4 -Declipse.product=org.eclipse.jdt.ls.core.product -Djava.import.generatesMetadataFilesAtProjectRoot=false -DDetectVMInstallationsJob.disabled=true -Dfile.encoding=utf8 -XX:+UseParallelGC -XX:GCTimeRatio=4 -XX:AdaptiveSizePolicyWeight=90 -Dsun.zip.disableMemoryMapping=true -Xmx1G -Xms100m -Xlog:disable -javaagent:c:\Users\sleek\.cursor\extensions\redhat.java-1.37.0-win32-x64\lombok\lombok-1.18.34.jar -XX:+HeapDumpOnOutOfMemoryError -XX:HeapDumpPath=c:\Users\sleek\AppData\Roaming\Cursor\User\workspaceStorage\deed72c7a4450615d129e28dda97dd81\redhat.java -Daether.dependencyCollector.impl=bf c:\Users\sleek\.cursor\extensions\redhat.java-1.37.0-win32-x64\server\plugins\org.eclipse.equinox.launcher_1.6.900.v20240613-2009.jar -configuration c:\Users\sleek\AppData\Roaming\Cursor\User\globalStorage\redhat.java\1.37.0\config_win -data c:\Users\sleek\AppData\Roaming\Cursor\User\workspaceStorage\deed72c7a4450615d129e28dda97dd81\redhat.java\jdt_ws --pipe=\\.\pipe\lsp-b3568a2685f21af29d597cf6af868210-sock

Host: 11th Gen Intel(R) Core(TM) i7-1165G7 @ 2.80GHz, 8 cores, 15G,  Windows 11 , 64 bit Build 22621 (10.0.22621.4391)
Time: Tue Dec 10 02:48:52 2024  Windows 11 , 64 bit Build 22621 (10.0.22621.4391) elapsed time: 0.275886 seconds (0d 0h 0m 0s)

---------------  T H R E A D  ---------------

Current thread (0x0000026c522a2d50):  JavaThread "Unknown thread" [_thread_in_vm, id=31504, stack(0x000000dfeb300000,0x000000dfeb400000)]

Stack: [0x000000dfeb300000,0x000000dfeb400000]
Native frames: (J=compiled Java code, j=interpreted, Vv=VM code, C=native code)
V  [jvm.dll+0x682a19]
V  [jvm.dll+0x839538]
V  [jvm.dll+0x83afe3]
V  [jvm.dll+0x83b653]
V  [jvm.dll+0x24704f]
V  [jvm.dll+0xa7543]
V  [jvm.dll+0x6b5fca]
V  [jvm.dll+0x6b6dde]
V  [jvm.dll+0x68f243]
V  [jvm.dll+0x80bb63]
V  [jvm.dll+0x36b514]
V  [jvm.dll+0x7e9e3f]
V  [jvm.dll+0x3f1d7f]
V  [jvm.dll+0x3f38b1]
C  [jli.dll+0x5278]
C  [ucrtbase.dll+0x29333]
C  [KERNEL32.DLL+0x1259d]
C  [ntdll.dll+0x5af38]


---------------  P R O C E S S  ---------------

Threads class SMR info:
_java_thread_list=0x00007ffa64147f58, length=0, elements={
}

Java Threads: ( => current thread )

Other Threads:
  0x0000026c522b7c40 GCTaskThread "GC Thread#0" [stack: 0x000000dfeb400000,0x000000dfeb500000] [id=5976]

=>0x0000026c522a2d50 (exited) JavaThread "Unknown thread" [_thread_in_vm, id=31504, stack(0x000000dfeb300000,0x000000dfeb400000)]

Threads with active compile tasks:

VM state: not at safepoint (normal execution)

VM Mutex/Monitor currently owned by a thread: None

Heap address: 0x00000000c0000000, size: 1024 MB, Compressed Oops mode: 32-bit

CDS archive(s) not mapped
Compressed class space mapped at: 0x0000000100000000-0x0000000140000000, reserved size: 1073741824
Narrow klass base: 0x0000000000000000, Narrow klass shift: 3, Narrow klass range: 0x140000000

GC Precious Log:
 CPUs: 8 total, 8 available
 Memory: 16057M
 Large Page Support: Disabled
 NUMA Support: Disabled
 Compressed Oops: Enabled (32-bit)
 Alignments: Space 512K, Generation 512K, Heap 2M
 Heap Min Capacity: 100M
 Heap Initial Capacity: 100M
 Heap Max Capacity: 1G
 Pre-touch: Disabled
 Parallel Workers: 8

Heap:
 PSYoungGen      total 29696K, used 512K [0x00000000eab00000, 0x00000000ecc00000, 0x0000000100000000)
  eden space 25600K, 2% used [0x00000000eab00000,0x00000000eab80070,0x00000000ec400000)
  from space 4096K, 0% used [0x00000000ec800000,0x00000000ec800000,0x00000000ecc00000)
  to   space 4096K, 0% used [0x00000000ec400000,0x00000000ec400000,0x00000000ec800000)
 ParOldGen       total 68608K, used 0K [0x00000000c0000000, 0x00000000c4300000, 0x00000000eab00000)
  object space 68608K, 0% used [0x00000000c0000000,0x00000000c0000000,0x00000000c4300000)
 Metaspace       used 1149K, committed 1216K, reserved 1114112K
  class space    used 101K, committed 128K, reserved 1048576K

Card table byte_map: [0x0000026c51c20000,0x0000026c51e30000] _byte_map_base: 0x0000026c51620000

Marking Bits: (ParMarkBitMap*) 0x00007ffa641b6940
 Begin Bits: [0x0000026c63f20000, 0x0000026c64f20000)
 End Bits:   [0x0000026c64f20000, 0x0000026c65f20000)

Polling page: 0x0000026c501b0000

Metaspace:

Usage:
  Non-class:      1.02 MB used.
      Class:    101.05 KB used.
       Both:      1.12 MB used.

Virtual space:
  Non-class space:       64.00 MB reserved,       1.06 MB (  2%) committed,  1 nodes.
      Class space:        1.00 GB reserved,     128.00 KB ( <1%) committed,  1 nodes.
             Both:        1.06 GB reserved,       1.19 MB ( <1%) committed. 

Chunk freelists:
   Non-Class:  12.00 MB
       Class:  15.75 MB
        Both:  27.75 MB

MaxMetaspaceSize: unlimited
CompressedClassSpaceSize: 1.00 GB
Initial GC threshold: 21.00 MB
Current GC threshold: 17179869184.00 GB
CDS: off
MetaspaceReclaimPolicy: balanced
 - commit_granule_bytes: 65536.
 - commit_granule_words: 8192.
 - virtual_space_node_default_size: 8388608.
 - enlarge_chunks_in_place: 1.
 - new_chunks_are_fully_committed: 0.
 - uncommit_free_chunks: 1.
 - use_allocation_guard: 0.
 - handle_deallocations: 1.


Internal statistics:

num_allocs_failed_limit: 0.
num_arena_births: 2.
num_arena_deaths: 0.
num_vsnodes_births: 2.
num_vsnodes_deaths: 0.
num_space_committed: 19.
num_space_uncommitted: 0.
num_chunks_returned_to_freelist: 0.
num_chunks_taken_from_freelist: 3.
num_chunk_merges: 0.
num_chunk_splits: 2.
num_chunks_enlarged: 0.
num_inconsistent_stats: 0.

CodeHeap 'non-profiled nmethods': size=120000Kb used=0Kb max_used=0Kb free=120000Kb
 bounds [0x0000026c5c9f0000, 0x0000026c5cc60000, 0x0000026c63f20000]
CodeHeap 'profiled nmethods': size=120000Kb used=0Kb max_used=0Kb free=120000Kb
 bounds [0x0000026c54f20000, 0x0000026c55190000, 0x0000026c5c450000]
CodeHeap 'non-nmethods': size=5760Kb used=209Kb max_used=360Kb free=5550Kb
 bounds [0x0000026c5c450000, 0x0000026c5c6c0000, 0x0000026c5c9f0000]
 total_blobs=66 nmethods=0 adapters=47
 compilation: enabled
              stopped_count=0, restarted_count=0
 full_count=0

Compilation events (0 events):
No events

GC Heap History (0 events):
No events

Dll operation events (1 events):
Event: 0.094 Loaded shared library c:\Users\sleek\.cursor\extensions\redhat.java-1.37.0-win32-x64\jre\17.0.13-win32-x86_64\bin\java.dll

Deoptimization events (0 events):
No events

Classes loaded (20 events):
Event: 0.245 Loading class java/lang/Long
Event: 0.246 Loading class java/lang/Long done
Event: 0.246 Loading class java/util/Iterator
Event: 0.246 Loading class java/util/Iterator done
Event: 0.246 Loading class java/lang/reflect/RecordComponent
Event: 0.247 Loading class java/lang/reflect/RecordComponent done
Event: 0.247 Loading class jdk/internal/vm/vector/VectorSupport
Event: 0.247 Loading class jdk/internal/vm/vector/VectorSupport done
Event: 0.247 Loading class jdk/internal/vm/vector/VectorSupport$VectorPayload
Event: 0.247 Loading class jdk/internal/vm/vector/VectorSupport$VectorPayload done
Event: 0.247 Loading class jdk/internal/vm/vector/VectorSupport$Vector
Event: 0.247 Loading class jdk/internal/vm/vector/VectorSupport$Vector done
Event: 0.247 Loading class jdk/internal/vm/vector/VectorSupport$VectorMask
Event: 0.247 Loading class jdk/internal/vm/vector/VectorSupport$VectorMask done
Event: 0.247 Loading class jdk/internal/vm/vector/VectorSupport$VectorShuffle
Event: 0.247 Loading class jdk/internal/vm/vector/VectorSupport$VectorShuffle done
Event: 0.251 Loading class java/lang/NullPointerException
Event: 0.252 Loading class java/lang/NullPointerException done
Event: 0.252 Loading class java/lang/ArithmeticException
Event: 0.252 Loading class java/lang/ArithmeticException done

Classes unloaded (0 events):
No events

Classes redefined (0 events):
No events

Internal exceptions (0 events):
No events

VM Operations (0 events):
No events

Memory protections (0 events):
No events

Nmethod flushes (0 events):
No events

Events (0 events):
No events


Dynamic libraries:
0x00007ff61c140000 - 0x00007ff61c14e000 	c:\Users\sleek\.cursor\extensions\redhat.java-1.37.0-win32-x64\jre\17.0.13-win32-x86_64\bin\java.exe
0x00007ffab7cf0000 - 0x00007ffab7f07000 	C:\WINDOWS\SYSTEM32\ntdll.dll
0x00007ffab6ae0000 - 0x00007ffab6ba4000 	C:\WINDOWS\System32\KERNEL32.DLL
0x00007ffab50f0000 - 0x00007ffab54a9000 	C:\WINDOWS\System32\KERNELBASE.dll
0x00007ffaaa260000 - 0x00007ffaaa2f7000 	C:\WINDOWS\SYSTEM32\apphelp.dll
0x00007ffab5800000 - 0x00007ffab5911000 	C:\WINDOWS\System32\ucrtbase.dll
0x00007ffa64330000 - 0x00007ffa64347000 	c:\Users\sleek\.cursor\extensions\redhat.java-1.37.0-win32-x64\jre\17.0.13-win32-x86_64\bin\jli.dll
0x00007ffab5a80000 - 0x00007ffab5c2e000 	C:\WINDOWS\System32\USER32.dll
0x00007ffab50c0000 - 0x00007ffab50e6000 	C:\WINDOWS\System32\win32u.dll
0x00007ffab7750000 - 0x00007ffab7779000 	C:\WINDOWS\System32\GDI32.dll
0x00007ffab54b0000 - 0x00007ffab55cb000 	C:\WINDOWS\System32\gdi32full.dll
0x00007ffab4ff0000 - 0x00007ffab508a000 	C:\WINDOWS\System32\msvcp_win.dll
0x00007ffa64310000 - 0x00007ffa6432e000 	c:\Users\sleek\.cursor\extensions\redhat.java-1.37.0-win32-x64\jre\17.0.13-win32-x86_64\bin\VCRUNTIME140.dll
0x00007ffa91a20000 - 0x00007ffa91cb2000 	C:\WINDOWS\WinSxS\amd64_microsoft.windows.common-controls_6595b64144ccf1df_6.0.22621.4391_none_2715d37f73803e96\COMCTL32.dll
0x00007ffab5d30000 - 0x00007ffab5dd7000 	C:\WINDOWS\System32\msvcrt.dll
0x00007ffab7b90000 - 0x00007ffab7bc1000 	C:\WINDOWS\System32\IMM32.DLL
0x00007ffa81420000 - 0x00007ffa8142c000 	c:\Users\sleek\.cursor\extensions\redhat.java-1.37.0-win32-x64\jre\17.0.13-win32-x86_64\bin\vcruntime140_1.dll
0x00007ffa64280000 - 0x00007ffa6430d000 	c:\Users\sleek\.cursor\extensions\redhat.java-1.37.0-win32-x64\jre\17.0.13-win32-x86_64\bin\msvcp140.dll
0x00007ffa63610000 - 0x00007ffa6427b000 	c:\Users\sleek\.cursor\extensions\redhat.java-1.37.0-win32-x64\jre\17.0.13-win32-x86_64\bin\server\jvm.dll
0x00007ffab6a20000 - 0x00007ffab6ad2000 	C:\WINDOWS\System32\ADVAPI32.dll
0x00007ffab6970000 - 0x00007ffab6a17000 	C:\WINDOWS\System32\sechost.dll
0x00007ffab5090000 - 0x00007ffab50b8000 	C:\WINDOWS\System32\bcrypt.dll
0x00007ffab5e90000 - 0x00007ffab5fa4000 	C:\WINDOWS\System32\RPCRT4.dll
0x00007ffab6c10000 - 0x00007ffab6c81000 	C:\WINDOWS\System32\WS2_32.dll
0x00007ffab3e50000 - 0x00007ffab3e9d000 	C:\WINDOWS\SYSTEM32\POWRPROF.dll
0x00007ffaaca00000 - 0x00007ffaaca34000 	C:\WINDOWS\SYSTEM32\WINMM.dll
0x00007ffaa6a70000 - 0x00007ffaa6a7a000 	C:\WINDOWS\SYSTEM32\VERSION.dll
0x00007ffab3e30000 - 0x00007ffab3e43000 	C:\WINDOWS\SYSTEM32\UMPDC.dll
0x00007ffab40f0000 - 0x00007ffab4108000 	C:\WINDOWS\SYSTEM32\kernel.appcore.dll
0x00007ffa63600000 - 0x00007ffa6360a000 	c:\Users\sleek\.cursor\extensions\redhat.java-1.37.0-win32-x64\jre\17.0.13-win32-x86_64\bin\jimage.dll
0x00007ffab2360000 - 0x00007ffab2592000 	C:\WINDOWS\SYSTEM32\DBGHELP.DLL
0x00007ffab5fb0000 - 0x00007ffab633f000 	C:\WINDOWS\System32\combase.dll
0x00007ffab7bd0000 - 0x00007ffab7ca7000 	C:\WINDOWS\System32\OLEAUT32.dll
0x00007ffa871a0000 - 0x00007ffa871d2000 	C:\WINDOWS\SYSTEM32\dbgcore.DLL
0x00007ffab5920000 - 0x00007ffab599b000 	C:\WINDOWS\System32\bcryptPrimitives.dll
0x00007ffa70c30000 - 0x00007ffa70c3e000 	c:\Users\sleek\.cursor\extensions\redhat.java-1.37.0-win32-x64\jre\17.0.13-win32-x86_64\bin\instrument.dll
0x00007ffa635c0000 - 0x00007ffa635e5000 	c:\Users\sleek\.cursor\extensions\redhat.java-1.37.0-win32-x64\jre\17.0.13-win32-x86_64\bin\java.dll
0x00007ffa635a0000 - 0x00007ffa635b8000 	c:\Users\sleek\.cursor\extensions\redhat.java-1.37.0-win32-x64\jre\17.0.13-win32-x86_64\bin\zip.dll

dbghelp: loaded successfully - version: 4.0.5 - missing functions: none
symbol engine: initialized successfully - sym options: 0x614 - pdb path: .;c:\Users\sleek\.cursor\extensions\redhat.java-1.37.0-win32-x64\jre\17.0.13-win32-x86_64\bin;C:\WINDOWS\SYSTEM32;C:\WINDOWS\WinSxS\amd64_microsoft.windows.common-controls_6595b64144ccf1df_6.0.22621.4391_none_2715d37f73803e96;c:\Users\sleek\.cursor\extensions\redhat.java-1.37.0-win32-x64\jre\17.0.13-win32-x86_64\bin\server

VM Arguments:
jvm_args: --add-modules=ALL-SYSTEM --add-opens=java.base/java.util=ALL-UNNAMED --add-opens=java.base/java.lang=ALL-UNNAMED --add-opens=java.base/sun.nio.fs=ALL-UNNAMED -Declipse.application=org.eclipse.jdt.ls.core.id1 -Dosgi.bundles.defaultStartLevel=4 -Declipse.product=org.eclipse.jdt.ls.core.product -Djava.import.generatesMetadataFilesAtProjectRoot=false -DDetectVMInstallationsJob.disabled=true -Dfile.encoding=utf8 -XX:+UseParallelGC -XX:GCTimeRatio=4 -XX:AdaptiveSizePolicyWeight=90 -Dsun.zip.disableMemoryMapping=true -Xmx1G -Xms100m -Xlog:disable -javaagent:c:\Users\sleek\.cursor\extensions\redhat.java-1.37.0-win32-x64\lombok\lombok-1.18.34.jar -XX:+HeapDumpOnOutOfMemoryError -XX:HeapDumpPath=c:\Users\sleek\AppData\Roaming\Cursor\User\workspaceStorage\deed72c7a4450615d129e28dda97dd81\redhat.java -Daether.dependencyCollector.impl=bf 
java_command: c:\Users\sleek\.cursor\extensions\redhat.java-1.37.0-win32-x64\server\plugins\org.eclipse.equinox.launcher_1.6.900.v20240613-2009.jar -configuration c:\Users\sleek\AppData\Roaming\Cursor\User\globalStorage\redhat.java\1.37.0\config_win -data c:\Users\sleek\AppData\Roaming\Cursor\User\workspaceStorage\deed72c7a4450615d129e28dda97dd81\redhat.java\jdt_ws --pipe=\\.\pipe\lsp-b3568a2685f21af29d597cf6af868210-sock
java_class_path (initial): c:\Users\sleek\.cursor\extensions\redhat.java-1.37.0-win32-x64\server\plugins\org.eclipse.equinox.launcher_1.6.900.v20240613-2009.jar
Launcher Type: SUN_STANDARD

[Global flags]
    uintx AdaptiveSizePolicyWeight                 = 90                                        {product} {command line}
     intx CICompilerCount                          = 4                                         {product} {ergonomic}
    uintx GCTimeRatio                              = 4                                         {product} {command line}
     bool HeapDumpOnOutOfMemoryError               = true                                   {manageable} {command line}
    ccstr HeapDumpPath                             = c:\Users\sleek\AppData\Roaming\Cursor\User\workspaceStorage\deed72c7a4450615d129e28dda97dd81\redhat.java         {manageable} {command line}
   size_t InitialHeapSize                          = 104857600                                 {product} {command line}
   size_t MaxHeapSize                              = 1073741824                                {product} {command line}
   size_t MaxNewSize                               = 357564416                                 {product} {ergonomic}
   size_t MinHeapDeltaBytes                        = 524288                                    {product} {ergonomic}
   size_t MinHeapSize                              = 104857600                                 {product} {command line}
   size_t NewSize                                  = 34603008                                  {product} {ergonomic}
    uintx NonNMethodCodeHeapSize                   = 5839372                                {pd product} {ergonomic}
    uintx NonProfiledCodeHeapSize                  = 122909434                              {pd product} {ergonomic}
   size_t OldSize                                  = 70254592                                  {product} {ergonomic}
    uintx ProfiledCodeHeapSize                     = 122909434                              {pd product} {ergonomic}
    uintx ReservedCodeCacheSize                    = 251658240                              {pd product} {ergonomic}
     bool SegmentedCodeCache                       = true                                      {product} {ergonomic}
   size_t SoftMaxHeapSize                          = 1073741824                             {manageable} {ergonomic}
     bool UseCompressedClassPointers               = true                           {product lp64_product} {ergonomic}
     bool UseCompressedOops                        = true                           {product lp64_product} {ergonomic}
     bool UseLargePagesIndividualAllocation        = false                                  {pd product} {ergonomic}
     bool UseParallelGC                            = true                                      {product} {command line}

Logging:
Log output configuration:
 #0: stdout all=off uptime,level,tags
 #1: stderr all=off uptime,level,tags

Environment Variables:
JAVA_HOME=C:\Program Files\Java\jdk-19
CLASSPATH=C:\Program Files\Java\jdk-19\lib
PATH=C:\Python311\Scripts\;C:\Python311\;C:\Program Files\Common Files\Oracle\Java\javapath;C:\WINDOWS\system32;C:\WINDOWS;C:\WINDOWS\System32\Wbem;C:\WINDOWS\System32\WindowsPowerShell\v1.0\;C:\WINDOWS\System32\OpenSSH\;C:\Program Files\Java\jdk-19\bin;C:\Program Files\Graphviz\bin;C:\Program Files\PuTTY\;C:\ProgramData\chocolatey\bin;C:\Program Files\Git\cmd;C:\Roaming\nvm;C:\Program Files\nodejs;C:\Program Files\nodejs\;D:\apache-maven-3.9.8-bin\bin;C:\Program Files\dotnet\;C:\Program Files (x86)\Yarn\bin\;D:\intel2\and\platform-tools;D:\intel2\and\cmdline-tools\latest\bin;;C:\Program Files\Docker\Docker\resources\bin;C:\Users\sleek\AppData\Local\pnpm;C:\Users\sleek\AppData\Local\Microsoft\WindowsApps;C:\Users\sleek\AppData\Local\Programs\Microsoft VS Code\bin;C:\Program Files\JetBrains\IntelliJ IDEA Community Edition 2022.3.2\bin;D:\JetBrains\bin;C:\Program Files\JetBrains\WebStorm 2022.3.2\bin;D:\IntelliJ IDEA 2022.3.2\bin;C:\Users\sleek\AppData\Local\gitkraken\bin;C:\ProgramData\sleek\gitkraken\bin;C:\Roaming\nvm;C:\Program Files\nodejs;C:\Users\sleek\AppData\Roaming\npm;D:\IntelliJ IDEA 2024.1\bin;;C:\Users\sleek\AppData\Local\Microsoft\WinGet\Packages\Schniz.fnm_Microsoft.Winget.Source_8wekyb3d8bbwe;C:\Users\sleek\.dotnet\tools;C:\Users\sleek\AppData\Local\Yarn\bin
USERNAME=sleek
OS=Windows_NT
PROCESSOR_IDENTIFIER=Intel64 Family 6 Model 140 Stepping 1, GenuineIntel
TMP=C:\Users\sleek\AppData\Local\Temp
TEMP=C:\Users\sleek\AppData\Local\Temp



Periodic native trim disabled


---------------  S Y S T E M  ---------------

OS:
 Windows 11 , 64 bit Build 22621 (10.0.22621.4391)
OS uptime: 1 days 4:48 hours
Hyper-V role detected

CPU: total 8 (initial active 8) (4 cores per cpu, 2 threads per core) family 6 model 140 stepping 1 microcode 0xb4, cx8, cmov, fxsr, ht, mmx, 3dnowpref, sse, sse2, sse3, ssse3, sse4.1, sse4.2, popcnt, lzcnt, tsc, tscinvbit, avx, avx2, aes, erms, clmul, bmi1, bmi2, adx, avx512f, avx512dq, avx512cd, avx512bw, avx512vl, sha, fma, vzeroupper, avx512_vpopcntdq, avx512_vpclmulqdq, avx512_vaes, avx512_vnni, clflush, clflushopt, clwb, avx512_vbmi2, avx512_vbmi, hv
Processor Information for all 8 processors :
  Max Mhz: 2803, Current Mhz: 2803, Mhz Limit: 2803

Memory: 4k page, system-wide physical 16057M (689M free)
TotalPageFile size 65209M (AvailPageFile size 7M)
current process WorkingSet (physical memory assigned to process): 17M, peak: 17M
current process commit charge ("private bytes"): 163M, peak: 164M

vm_info: OpenJDK 64-Bit Server VM (17.0.13+11) for windows-amd64 JRE (17.0.13+11), built on Oct 16 2024 00:10:08 by "admin" with MS VC++ 17.7 (VS2022)

END.
